<?xml version="1.0" encoding="utf-8"?><testsuites name="pytest tests"><testsuite name="pytest" errors="0" failures="1" skipped="0" tests="14" time="6.569" timestamp="2026-09-13T04:14:00.827736+00:00" hostname="agent-env-3d42e885-8686-4272-ad39-a951634a61a1"><testcase classname="tests.test_iteration4_stop_pause_storyboard.TestStoryboardArtifacts" name="test_poster_and_tiles_exist" time="0.000" /><testcase classname="tests.test_iteration4_stop_pause_storyboard.TestStoryboardArtifacts" name="test_final_video_exists" time="0.000" /><testcase classname="tests.test_iteration4_stop_pause_storyboard.TestStoryboardArtifacts" name="test_slide_story_video_intact" time="0.000" /><testcase classname="tests.test_iteration4_stop_pause_storyboard.TestCancelJob" name="test_cancel_queued_job" time="0.626" /><testcase classname="tests.test_iteration4_stop_pause_storyboard.TestModeValidation" name="test_create_storyboard_mode" time="0.458" /><testcase classname="tests.test_iteration4_stop_pause_storyboard.TestModeValidation" name="test_config_switch_to_storyboard" time="0.221" /><testcase classname="tests.test_iteration4_stop_pause_storyboard.TestCancelJob" name="test_cancel_unknown_job_404" time="0.122" /><testcase classname="tests.test_iteration4_stop_pause_storyboard.TestQueuePause" name="test_pause_and_resume" time="0.456" /><testcase classname="tests.test_iteration4_stop_pause_storyboard.TestStopStory" name="test_stop_no_active_409" time="0.128" /><testcase classname="tests.test_iteration4_stop_pause_storyboard.TestStopStory" name="test_stop_queued_produce" time="0.438" /><testcase classname="tests.test_iteration4_stop_pause_storyboard.TestQueuePause" name="test_paused_queue_does_not_claim_jobs" time="4.346"><failure message="AssertionError: job status=running while paused&#10;assert 'running' == 'queued'&#10;  &#10;  - queued&#10;  + running">backend/tests/test_iteration4_stop_pause_storyboard.py:88: in test_paused_queue_does_not_claim_jobs
    assert j["status"] == "queued", f"job status={j['status']} while paused"
E   AssertionError: job status=running while paused
E   assert 'running' == 'queued'
E     
E     - queued
E     + running</failure></testcase><testcase classname="tests.test_iteration4_stop_pause_storyboard.TestEngagementFallback" name="test_engagement_sync_returns" time="0.126" /><testcase classname="tests.test_iteration4_stop_pause_storyboard.TestStoryboardPILModule" name="test_pil_poster_generates" time="0.194" /><testcase classname="tests.test_iteration4_stop_pause_storyboard.TestApiKeysSet" name="test_gemini_and_openai_set" time="0.088" /></testsuite></testsuites>