<?xml version="1.0" encoding="utf-8"?><testsuites name="pytest tests"><testsuite name="pytest" errors="0" failures="2" skipped="0" tests="10" time="12.307" timestamp="2026-09-13T06:57:20.877286+00:00" hostname="agent-env-3d42e885-8686-4272-ad39-a951634a61a1"><testcase classname="tests.test_iteration7_stability.TestRouterStatus" name="test_router_status_ok" time="3.713" /><testcase classname="tests.test_iteration7_stability.TestRegression" name="test_stories_public" time="3.723" /><testcase classname="tests.test_iteration7_stability.TestRouterStatus" name="test_stability_provider_present" time="0.053" /><testcase classname="tests.test_iteration7_stability.TestRegression" name="test_dashboard_public" time="0.023" /><testcase classname="tests.test_iteration7_stability.TestRegression" name="test_admin_overview_anon_401" time="0.007" /><testcase classname="tests.test_iteration7_stability.TestVault" name="test_api_keys_lists_stability" time="0.042"><failure message="AssertionError: STABILITY_API_KEY missing from vault. Keys: ['EMERGENT_LLM_KEY', 'FAL_KEY', 'GEMINI_API_KEY', 'HF_TOKEN', 'INSTAGRAM_ACCESS_TOKEN', 'INSTAGRAM_USER_ID', 'OPENAI_API_KEY', 'PEXELS_API_KEY', 'REPLICATE_API_TOKEN', 'YOUTUBE_CLIENT_ID', 'YOUTUBE_CLIENT_SECRET', 'YOUTUBE_REFRESH_TOKEN']&#10;assert 'STABILITY_API_KEY' in {'EMERGENT_LLM_KEY': {'set': True, 'hint': 'sk-eme…'}, 'FAL_KEY': {'set': True, 'hint': 'c7cfe7…'}, 'GEMINI_API_KEY': {'set': True, 'hint': 'AQ.Ab8…'}, 'HF_TOKEN': {'set': True, 'hint': 'hf_Tnf…'}, ...}">tests/test_iteration7_stability.py:94: in test_api_keys_lists_stability
    assert "STABILITY_API_KEY" in data, (
E   AssertionError: STABILITY_API_KEY missing from vault. Keys: ['EMERGENT_LLM_KEY', 'FAL_KEY', 'GEMINI_API_KEY', 'HF_TOKEN', 'INSTAGRAM_ACCESS_TOKEN', 'INSTAGRAM_USER_ID', 'OPENAI_API_KEY', 'PEXELS_API_KEY', 'REPLICATE_API_TOKEN', 'YOUTUBE_CLIENT_ID', 'YOUTUBE_CLIENT_SECRET', 'YOUTUBE_REFRESH_TOKEN']
E   assert 'STABILITY_API_KEY' in {'EMERGENT_LLM_KEY': {'set': True, 'hint': 'sk-eme…'}, 'FAL_KEY': {'set': True, 'hint': 'c7cfe7…'}, 'GEMINI_API_KEY': {'set': True, 'hint': 'AQ.Ab8…'}, 'HF_TOKEN': {'set': True, 'hint': 'hf_Tnf…'}, ...}</failure></testcase><testcase classname="tests.test_iteration7_stability.TestRouterStatus" name="test_image_chain_order" time="0.042" /><testcase classname="tests.test_iteration7_stability.TestStabilityDirect" name="test_stability_image_live_call" time="7.592" /><testcase classname="tests.test_iteration7_stability.TestStoryboardRegression" name="test_story_exists_and_reviewable" time="0.044" /><testcase classname="tests.test_iteration7_stability.TestFrontendSettingsLabel" name="test_stability_label_present" time="0.001"><failure message="AssertionError: SettingsPage.jsx has no STABILITY_API_KEY label — vault row will render with no description&#10;assert None&#10; +  where None = &lt;function search at 0xfd104b840680&gt;('STABILITY_API_KEY', 'import { useState, useEffect } from &quot;react&quot;;\nimport { Link } from &quot;react-router-dom&quot;;\nimport { CheckCircle2, Instagram, KeyRound, Loader2, Plug, RefreshCw, ShieldCheck, ShieldAlert, XCircle, Youtube } from &quot;lucide-react&quot;;\nimport { api, usePoll } from &quot;@/lib/api&quot;;\nimport { Badge } from &quot;@/components/ui/badge&quot;;\nimport { Button } from &quot;@/components/ui/button&quot;;\nimport { Input } from &quot;@/components/ui/input&quot;;\nimport { toast } from &quot;sonner&quot;;\n\nconst KEY_LABELS = {\n  OPENAI_API_KEY: &quot;OpenAI (DALL·E / GPT Image 1 + LLM fallback)&quot;,\n  GEMINI_API_KEY: &quot;Google Gemini (Veo video, TTS, image, LLM)&quot;,\n  EMERGENT_LLM_KEY: &quot;Emergent Universal Key (LLM fallback)&quot;,\n  HF_TOKEN: &quot;Hugging Face (free hosted Qwen-72B text fallback; image API deprecated by HF)&quot;,\n  FAL_KEY: &quot;fal.ai (FLUX / SDXL / Juggernaut images, Wan / CogVideoX clips)&quot;,\n  REPLICATE_API_TOKEN: &quot;Replicate (FLUX images, Wan 2.1 clips)&quot;,\n  PEXELS_API_KEY: &quot;Pexels (free real photos &amp; video clips — works without AI billing)&quot;,\n  YOUTUBE_CLIENT_ID: &quot;YouTube OAuth — Client ID&quot;,\n  YOUTUBE_CLIENT_SECRET: &quot;YouTube OAuth — Client Secret&quot;,\n  YOUTUBE_REFRESH_TOKEN: &quot;YouTube OAuth — Refresh Token (auto-filled after consent)&quot;,\n  INSTA... Router Health&lt;/h3&gt;\n          &lt;Button data-testid=&quot;router-refresh-button&quot; variant=&quot;outline&quot; size=&quot;sm&quot; className=&quot;ml-auto border-white/15 text-slate-300&quot; onClick={refreshIg}&gt;\n            &lt;RefreshCw className=&quot;mr-1.5 h-3.5 w-3.5&quot; /&gt; Refresh\n          &lt;/Button&gt;\n        &lt;/div&gt;\n        &lt;p className=&quot;mb-4 text-xs leading-relaxed text-slate-400&quot;&gt;{routerStatus?.notes}&lt;/p&gt;\n        &lt;div className=&quot;grid gap-2 sm:grid-cols-2 lg:grid-cols-3&quot;&gt;\n          {Object.entries(routerStatus?.providers || {}).map(([name, p]) =&gt; (\n            &lt;div key={name} data-testid={`router-provider-${name}`} className=&quot;flex items-center justify-between rounded-xl bg-black/30 px-3 py-2 text-xs&quot;&gt;\n              &lt;span className=&quot;font-mono2 text-slate-300&quot;&gt;{name}&lt;/span&gt;\n              &lt;span className=&quot;flex items-center gap-1.5 text-[10px] text-slate-500&quot;&gt;\n                {p.key ? &quot;key ✓&quot; : &quot;no key&quot;}\n                {p.capable === false &amp;&amp; &lt;span className=&quot;text-orange-400&quot;&gt;needs GPU/RAM&lt;/span&gt;}\n                &lt;span className={`h-2 w-2 rounded-full ${p.healthy ? &quot;bg-emerald-400&quot; : &quot;bg-rose-500&quot;}`} /&gt;\n              &lt;/span&gt;\n            &lt;/div&gt;\n          ))}\n        &lt;/div&gt;\n      &lt;/div&gt;\n    &lt;/div&gt;\n  );\n}\n')&#10; +    where &lt;function search at 0xfd104b840680&gt; = re.search">tests/test_iteration7_stability.py:142: in test_stability_label_present
    assert re.search(r"STABILITY_API_KEY", src), (
E   AssertionError: SettingsPage.jsx has no STABILITY_API_KEY label — vault row will render with no description
E   assert None
E    +  where None = &lt;function search at 0xfd104b840680&gt;('STABILITY_API_KEY', 'import { useState, useEffect } from "react";\nimport { Link } from "react-router-dom";\nimport { CheckCircle2, Instagram, KeyRound, Loader2, Plug, RefreshCw, ShieldCheck, ShieldAlert, XCircle, Youtube } from "lucide-react";\nimport { api, usePoll } from "@/lib/api";\nimport { Badge } from "@/components/ui/badge";\nimport { Button } from "@/components/ui/button";\nimport { Input } from "@/components/ui/input";\nimport { toast } from "sonner";\n\nconst KEY_LABELS = {\n  OPENAI_API_KEY: "OpenAI (DALL·E / GPT Image 1 + LLM fallback)",\n  GEMINI_API_KEY: "Google Gemini (Veo video, TTS, image, LLM)",\n  EMERGENT_LLM_KEY: "Emergent Universal Key (LLM fallback)",\n  HF_TOKEN: "Hugging Face (free hosted Qwen-72B text fallback; image API deprecated by HF)",\n  FAL_KEY: "fal.ai (FLUX / SDXL / Juggernaut images, Wan / CogVideoX clips)",\n  REPLICATE_API_TOKEN: "Replicate (FLUX images, Wan 2.1 clips)",\n  PEXELS_API_KEY: "Pexels (free real photos &amp; video clips — works without AI billing)",\n  YOUTUBE_CLIENT_ID: "YouTube OAuth — Client ID",\n  YOUTUBE_CLIENT_SECRET: "YouTube OAuth — Client Secret",\n  YOUTUBE_REFRESH_TOKEN: "YouTube OAuth — Refresh Token (auto-filled after consent)",\n  INSTA... Router Health&lt;/h3&gt;\n          &lt;Button data-testid="router-refresh-button" variant="outline" size="sm" className="ml-auto border-white/15 text-slate-300" onClick={refreshIg}&gt;\n            &lt;RefreshCw className="mr-1.5 h-3.5 w-3.5" /&gt; Refresh\n          &lt;/Button&gt;\n        &lt;/div&gt;\n        &lt;p className="mb-4 text-xs leading-relaxed text-slate-400"&gt;{routerStatus?.notes}&lt;/p&gt;\n        &lt;div className="grid gap-2 sm:grid-cols-2 lg:grid-cols-3"&gt;\n          {Object.entries(routerStatus?.providers || {}).map(([name, p]) =&gt; (\n            &lt;div key={name} data-testid={`router-provider-${name}`} className="flex items-center justify-between rounded-xl bg-black/30 px-3 py-2 text-xs"&gt;\n              &lt;span className="font-mono2 text-slate-300"&gt;{name}&lt;/span&gt;\n              &lt;span className="flex items-center gap-1.5 text-[10px] text-slate-500"&gt;\n                {p.key ? "key ✓" : "no key"}\n                {p.capable === false &amp;&amp; &lt;span className="text-orange-400"&gt;needs GPU/RAM&lt;/span&gt;}\n                &lt;span className={`h-2 w-2 rounded-full ${p.healthy ? "bg-emerald-400" : "bg-rose-500"}`} /&gt;\n              &lt;/span&gt;\n            &lt;/div&gt;\n          ))}\n        &lt;/div&gt;\n      &lt;/div&gt;\n    &lt;/div&gt;\n  );\n}\n')
E    +    where &lt;function search at 0xfd104b840680&gt; = re.search</failure></testcase></testsuite></testsuites>