<?xml version="1.0" encoding="utf-8"?><testsuites name="pytest tests"><testsuite name="pytest" errors="0" failures="2" skipped="0" tests="20" time="86.459" timestamp="2026-09-13T12:53:49.961421+00:00" hostname="agent-env-3d42e885-8686-4272-ad39-a951634a61a1"><testcase classname="tests.test_iteration8_stitch_expressive_yt" name="test_prior_stitch_story_media_serves[6aa66ac00cdbbc6fd4060168-15.2]" time="0.267"><failure message="AssertionError: {&quot;detail&quot;:&quot;Not Found&quot;}&#10;assert 404 == 200&#10; +  where 404 = &lt;Response [404]&gt;.status_code">backend/tests/test_iteration8_stitch_expressive_yt.py:117: in test_prior_stitch_story_media_serves
    assert head.status_code == 200, head.text
E   AssertionError: {"detail":"Not Found"}
E   assert 404 == 200
E    +  where 404 = &lt;Response [404]&gt;.status_code</failure></testcase><testcase classname="tests.test_iteration8_stitch_expressive_yt.TestStitchValidation" name="test_upload_rejects_text_file" time="0.232" /><testcase classname="tests.test_iteration8_stitch_expressive_yt.TestStitchValidation" name="test_upload_rejects_pdf" time="0.118" /><testcase classname="tests.test_iteration8_stitch_expressive_yt" name="test_prior_stitch_story_media_serves[6aa66b8558ffb9fdd5448232-7.0]" time="0.275"><failure message="AssertionError: {&quot;detail&quot;:&quot;Not Found&quot;}&#10;assert 404 == 200&#10; +  where 404 = &lt;Response [404]&gt;.status_code">backend/tests/test_iteration8_stitch_expressive_yt.py:117: in test_prior_stitch_story_media_serves
    assert head.status_code == 200, head.text
E   AssertionError: {"detail":"Not Found"}
E   assert 404 == 200
E    +  where 404 = &lt;Response [404]&gt;.status_code</failure></testcase><testcase classname="tests.test_iteration8_stitch_expressive_yt.TestStitchValidation" name="test_stitch_empty_items_400" time="0.128" /><testcase classname="tests.test_iteration8_stitch_expressive_yt.TestStitchValidation" name="test_stitch_bogus_media_id_404_or_400" time="0.165" /><testcase classname="tests.test_iteration8_stitch_expressive_yt" name="test_prior_stitch_stitch_uploads_cleaned" time="0.000" /><testcase classname="tests.test_iteration8_stitch_expressive_yt" name="test_router_status_tts_chain_gemini_expr_first" time="0.125" /><testcase classname="tests.test_iteration8_stitch_expressive_yt.TestRegression" name="test_dashboard_200" time="0.164" /><testcase classname="tests.test_iteration8_stitch_expressive_yt" name="test_queue_pause_unpause" time="0.265" /><testcase classname="tests.test_iteration8_stitch_expressive_yt.TestRegression" name="test_stories_200" time="0.154" /><testcase classname="tests.test_iteration8_stitch_expressive_yt" name="test_channel_expressive_voice_toggle_persists" time="0.470" /><testcase classname="tests.test_iteration8_stitch_expressive_yt.TestRegression" name="test_video_types_200" time="0.126" /><testcase classname="tests.test_iteration8_stitch_expressive_yt.TestRegression" name="test_existing_story_has_media" time="0.133" /><testcase classname="tests.test_iteration8_stitch_expressive_yt.TestYoutubeLive" name="test_no_auth_401" time="0.140" /><testcase classname="tests.test_iteration8_stitch_expressive_yt.TestYoutubeLive" name="test_admin_returns_400_not_connected" time="0.203" /><testcase classname="tests.test_iteration8_stitch_expressive_yt" name="test_expressive_tts_produces_audio" time="80.280" /><testcase classname="tests.test_iteration8_stitch_expressive_yt.TestYoutubeLive" name="test_admin_refresh_forced_still_400_no_stack" time="0.193" /><testcase classname="tests.test_iteration8_stitch_expressive_yt.TestStitchUpload" name="test_upload_png_returns_media_id" time="0.545" /><testcase classname="tests.test_iteration8_stitch_expressive_yt.TestStitchUpload" name="test_upload_mp4_returns_duration" time="0.580" /></testsuite></testsuites>