<?xml version="1.0" encoding="utf-8"?><testsuites name="pytest tests"><testsuite name="pytest" errors="0" failures="0" skipped="0" tests="9" time="273.339" timestamp="2026-09-13T05:17:53.288153+00:00" hostname="agent-env-3d42e885-8686-4272-ad39-a951634a61a1"><testcase classname="tests.test_iteration6_hf_fallback.TestLLMPreferLocalHF" name="test_hf_key_present" time="1.739" /><testcase classname="tests.test_iteration6_hf_fallback.TestSettingsVaultHF" name="test_hf_token_masked_hint" time="0.006" /><testcase classname="tests.test_iteration6_hf_fallback.TestSettingsVaultHF" name="test_put_delete_dummy_roundtrip" time="0.132" /><testcase classname="tests.test_iteration6_hf_fallback.TestLLMNormalChain" name="test_ask_json_no_prefer_local" time="70.753" /><testcase classname="tests.test_iteration6_hf_fallback.TestLLMPreferLocalHF" name="test_prefer_local_returns_via_hf" time="2.180" /><testcase classname="tests.test_iteration6_hf_fallback.TestRegression" name="test_stories_list" time="0.013" /><testcase classname="tests.test_iteration6_hf_fallback.TestRegression" name="test_dashboard" time="0.011" /><testcase classname="tests.test_iteration6_hf_fallback.TestEngagementSync" name="test_engagement_sync_completes" time="3.056" /><testcase classname="tests.test_iteration6_hf_fallback.TestStoryboardProduce" name="test_produce_reaches_in_review" time="198.558" /></testsuite></testsuites>