<?xml version="1.0" encoding="utf-8"?><testsuites name="pytest tests"><testsuite name="pytest" errors="0" failures="1" skipped="0" tests="20" time="9.110" timestamp="2026-09-13T09:29:33.280338+00:00" hostname="agent-env-3d42e885-8686-4272-ad39-a951634a61a1"><testcase classname="tests.test_iteration8_stitch_expressive_yt.TestStitchValidation" name="test_upload_rejects_text_file" time="0.257" /><testcase classname="tests.test_iteration8_stitch_expressive_yt" name="test_prior_stitch_story_media_serves[6aa66ac00cdbbc6fd4060168-15.2]" time="0.508" /><testcase classname="tests.test_iteration8_stitch_expressive_yt.TestStitchValidation" name="test_upload_rejects_pdf" time="0.109" /><testcase classname="tests.test_iteration8_stitch_expressive_yt.TestStitchValidation" name="test_stitch_empty_items_400" time="0.116" /><testcase classname="tests.test_iteration8_stitch_expressive_yt.TestStitchValidation" name="test_stitch_bogus_media_id_404_or_400" time="0.119" /><testcase classname="tests.test_iteration8_stitch_expressive_yt" name="test_prior_stitch_story_media_serves[6aa66b8558ffb9fdd5448232-7.0]" time="0.370" /><testcase classname="tests.test_iteration8_stitch_expressive_yt.TestRegression" name="test_dashboard_200" time="0.138" /><testcase classname="tests.test_iteration8_stitch_expressive_yt.TestRegression" name="test_stories_200" time="0.150" /><testcase classname="tests.test_iteration8_stitch_expressive_yt" name="test_prior_stitch_stitch_uploads_cleaned" time="0.000" /><testcase classname="tests.test_iteration8_stitch_expressive_yt" name="test_router_status_tts_chain_gemini_expr_first" time="1.145" /><testcase classname="tests.test_iteration8_stitch_expressive_yt.TestRegression" name="test_video_types_200" time="1.132" /><testcase classname="tests.test_iteration8_stitch_expressive_yt.TestRegression" name="test_existing_story_has_media" time="0.119" /><testcase classname="tests.test_iteration8_stitch_expressive_yt" name="test_queue_pause_unpause" time="0.105"><failure message="AssertionError: {&quot;detail&quot;:[{&quot;type&quot;:&quot;missing&quot;,&quot;loc&quot;:[&quot;body&quot;],&quot;msg&quot;:&quot;Field required&quot;,&quot;input&quot;:null,&quot;url&quot;:&quot;https://errors.pydantic.dev/2.13/v/missing&quot;}]}&#10;assert 422 in (200, 204)&#10; +  where 422 = &lt;Response [422]&gt;.status_code">tests/test_iteration8_stitch_expressive_yt.py:183: in test_queue_pause_unpause
    assert p.status_code in (200, 204), p.text
E   AssertionError: {"detail":[{"type":"missing","loc":["body"],"msg":"Field required","input":null,"url":"https://errors.pydantic.dev/2.13/v/missing"}]}
E   assert 422 in (200, 204)
E    +  where 422 = &lt;Response [422]&gt;.status_code</failure></testcase><testcase classname="tests.test_iteration8_stitch_expressive_yt.TestYoutubeLive" name="test_no_auth_401" time="0.235" /><testcase classname="tests.test_iteration8_stitch_expressive_yt" name="test_channel_expressive_voice_toggle_persists" time="0.523" /><testcase classname="tests.test_iteration8_stitch_expressive_yt.TestYoutubeLive" name="test_admin_returns_400_not_connected" time="0.117" /><testcase classname="tests.test_iteration8_stitch_expressive_yt.TestYoutubeLive" name="test_admin_refresh_forced_still_400_no_stack" time="0.108" /><testcase classname="tests.test_iteration8_stitch_expressive_yt" name="test_expressive_tts_produces_audio" time="5.021" /><testcase classname="tests.test_iteration8_stitch_expressive_yt.TestStitchUpload" name="test_upload_png_returns_media_id" time="0.376" /><testcase classname="tests.test_iteration8_stitch_expressive_yt.TestStitchUpload" name="test_upload_mp4_returns_duration" time="0.463" /></testsuite></testsuites>