<?xml version="1.0" encoding="utf-8"?><testsuites name="pytest tests"><testsuite name="pytest" errors="0" failures="0" skipped="0" tests="15" time="4.406" timestamp="2026-09-13T11:36:28.411828+00:00" hostname="agent-env-3d42e885-8686-4272-ad39-a951634a61a1"><testcase classname="tests.test_iteration9_preview_beatsync.TestVoicePreview" name="test_preview_english_kokoro" time="0.388" /><testcase classname="tests.test_iteration9_preview_beatsync.TestVoicePreview" name="test_preview_cached_same_body" time="0.115" /><testcase classname="tests.test_iteration9_preview_beatsync.TestVoicePreview" name="test_preview_different_tone_different_url" time="0.114" /><testcase classname="tests.test_iteration9_preview_beatsync.TestVoicePreview" name="test_preview_bad_voice_falls_through_or_clean_502" time="0.115" /><testcase classname="tests.test_iteration9_preview_beatsync.TestVoicePreview" name="test_preview_no_auth_still_works" time="0.105" /><testcase classname="tests.test_iteration9_preview_beatsync.TestBeatSyncMath" name="test_action_bpm_snap" time="1.575" /><testcase classname="tests.test_iteration9_preview_beatsync.TestBeatSyncMath" name="test_devotional_bpm_snap" time="0.000" /><testcase classname="tests.test_iteration9_preview_beatsync.TestStitchBeatSync" name="test_stitch_default_beat_sync_true" time="0.545" /><testcase classname="tests.test_iteration9_preview_beatsync.TestStitchBeatSync" name="test_stitch_beat_sync_false_renders_unsnapped" time="0.223" /><testcase classname="tests.test_iteration9_preview_beatsync.TestRegression" name="test_dashboard_ok" time="0.129" /><testcase classname="tests.test_iteration9_preview_beatsync.TestRegression" name="test_yt_live_unauth_401" time="0.123" /><testcase classname="tests.test_iteration9_preview_beatsync.TestRegression" name="test_prior_stitch_stories_still_in_review[6aa66ac00cdbbc6fd4060168]" time="0.227" /><testcase classname="tests.test_iteration9_preview_beatsync.TestRegression" name="test_prior_stitch_stories_still_in_review[6aa66b8558ffb9fdd5448232]" time="0.227" /><testcase classname="tests.test_iteration9_preview_beatsync.TestRegression" name="test_prior_stitch_stories_still_in_review[6aa66d2907c6c0f8bc93e391]" time="0.238" /><testcase classname="tests.test_iteration9_preview_beatsync.TestRegression" name="test_prior_stitch_stories_still_in_review[6aa6886a2b0899a8dbfe1228]" time="0.230" /></testsuite></testsuites>