<?xml version="1.0" encoding="utf-8"?><testsuites name="pytest tests"><testsuite name="pytest" errors="0" failures="0" skipped="0" tests="13" time="121.092" timestamp="2026-09-13T04:50:14.904820+00:00" hostname="agent-env-3d42e885-8686-4272-ad39-a951634a61a1"><testcase classname="tests.test_iteration5_bugfix.TestScheduler" name="test_get_default" time="1.451" /><testcase classname="tests.test_iteration5_bugfix.TestRegression" name="test_stories_public" time="1.489" /><testcase classname="tests.test_iteration5_bugfix.TestScheduler" name="test_put_low_clamp" time="0.070" /><testcase classname="tests.test_iteration5_bugfix.TestRegression" name="test_dashboard_public" time="0.097" /><testcase classname="tests.test_iteration5_bugfix.TestScheduler" name="test_put_high_clamp" time="0.072" /><testcase classname="tests.test_iteration5_bugfix.TestRegression" name="test_admin_overview_anon_401" time="0.081" /><testcase classname="tests.test_iteration5_bugfix.TestScheduler" name="test_put_valid_and_persist" time="0.151" /><testcase classname="tests.test_iteration5_bugfix.TestArtifacts" name="test_story_in_review" time="0.080" /><testcase classname="tests.test_iteration5_bugfix.TestScheduler" name="test_put_reset_6h" time="0.074" /><testcase classname="tests.test_iteration5_bugfix.TestArtifacts" name="test_thumbnail_and_hook_frame_exist_on_disk" time="0.000" /><testcase classname="tests.test_iteration5_bugfix.TestProduceSpeed" name="test_reproduce_within_budget" time="118.792" /><testcase classname="tests.test_iteration5_bugfix.TestDeadCircuitCode" name="test_imagegen_has_dead_circuit" time="0.000" /><testcase classname="tests.test_iteration5_bugfix.TestDeadCircuitCode" name="test_pipeline_qa_meta_parallel" time="0.001" /></testsuite></testsuites>