<?xml version="1.0" encoding="utf-8"?><testsuites name="pytest tests"><testsuite name="pytest" errors="0" failures="0" skipped="0" tests="21" time="4.039" timestamp="2026-09-13T03:26:51.232538+00:00" hostname="agent-env-3d42e885-8686-4272-ad39-a951634a61a1"><testcase classname="tests.backend_test.TestApiKeysVault" name="test_get_keys_masked" time="0.341" /><testcase classname="tests.backend_test.TestCreateStory" name="test_create_tech_clip" time="0.541" /><testcase classname="tests.backend_test.TestApiKeysVault" name="test_put_and_delete_hf_token" time="0.358" /><testcase classname="tests.backend_test.TestCreateStory" name="test_create_empty_source_400" time="0.088" /><testcase classname="tests.backend_test.TestCreateStory" name="test_create_unknown_type_400" time="0.092" /><testcase classname="tests.backend_test.TestApiKeysVault" name="test_put_rejects_unknown_key" time="0.096" /><testcase classname="tests.backend_test.TestCreateStory" name="test_create_length_clamped" time="0.230" /><testcase classname="tests.backend_test.TestApiKeysVault" name="test_delete_unknown_key_400" time="0.122" /><testcase classname="tests.backend_test.TestAdminGating" name="test_admin_overview_401_anon" time="0.086" /><testcase classname="tests.backend_test.TestOpenEndpoints" name="test_stories" time="0.136" /><testcase classname="tests.backend_test.TestAdminGating" name="test_admin_overview_403_non_admin" time="0.182" /><testcase classname="tests.backend_test.TestOpenEndpoints" name="test_dashboard" time="0.118" /><testcase classname="tests.backend_test.TestAdminGating" name="test_admin_overview_200_admin" time="0.277" /><testcase classname="tests.backend_test.TestOpenEndpoints" name="test_channels" time="0.089" /><testcase classname="tests.backend_test.TestOpenEndpoints" name="test_media_health" time="0.090" /><testcase classname="tests.backend_test.TestStoryConfig" name="test_switch_to_clip_then_slide" time="0.317" /><testcase classname="tests.backend_test.TestPatchScript" name="test_patch_edits_and_invalidates_cache" time="0.188" /><testcase classname="tests.backend_test.TestPatchScript" name="test_patch_bad_story_404" time="0.087" /><testcase classname="tests.backend_test.TestStoryConfig" name="test_target_seconds_clamped" time="1.389" /><testcase classname="tests.backend_test.TestRouterStatus" name="test_status_new_providers" time="1.216" /><testcase classname="tests.backend_test.TestVideoTypes" name="test_video_types_list" time="0.095" /></testsuite></testsuites>