<?xml version="1.0" encoding="utf-8"?><testsuites name="pytest tests"><testsuite name="pytest" errors="0" failures="0" skipped="0" tests="30" time="29.918" timestamp="2026-09-12T17:59:53.510959+00:00" hostname="agent-env-3d42e885-8686-4272-ad39-a951634a61a1"><testcase classname="tests.backend_test.TestAuthGating" name="test_root_open" time="0.305" /><testcase classname="tests.backend_test.TestAuthGating" name="test_media_health_open" time="0.066" /><testcase classname="tests.backend_test.TestAuthGating" name="test_static_media_open" time="0.124" /><testcase classname="tests.backend_test.TestAuthGating" name="test_stories_requires_auth" time="0.154" /><testcase classname="tests.backend_test.TestAuthGating" name="test_dashboard_requires_auth" time="0.061" /><testcase classname="tests.backend_test.TestAuthGating" name="test_ig_settings_requires_auth" time="0.064" /><testcase classname="tests.backend_test.TestAuthGating" name="test_invalid_session_id_returns_401" time="0.155" /><testcase classname="tests.backend_test.TestAuthGating" name="test_auth_me_with_bearer" time="0.169" /><testcase classname="tests.backend_test.TestAuthGating" name="test_auth_me_admin_flag" time="0.166" /><testcase classname="tests.backend_test.TestAdminConsole" name="test_admin_overview_forbidden_for_non_admin" time="0.125" /><testcase classname="tests.backend_test.TestAdminConsole" name="test_admin_overview_unauthenticated" time="0.087" /><testcase classname="tests.backend_test.TestAdminConsole" name="test_admin_overview_ok" time="0.116" /><testcase classname="tests.backend_test.TestRouterChains" name="test_router_status_chains" time="2.295" /><testcase classname="tests.backend_test.TestInstagramIntegration" name="test_get_ig_initial" time="0.076" /><testcase classname="tests.backend_test.TestInstagramIntegration" name="test_put_ig_fake_creds_returns_400" time="0.410" /><testcase classname="tests.backend_test.TestInstagramIntegration" name="test_ig_still_not_connected_after_fake" time="0.069" /><testcase classname="tests.backend_test.TestInstagramIntegration" name="test_delete_ig" time="0.072" /><testcase classname="tests.backend_test.TestInstagramIntegration" name="test_ig_publish_without_creds_fails_gracefully" time="3.079" /><testcase classname="tests.backend_test.TestEngagement" name="test_engagement_sync_no_crash" time="3.080" /><testcase classname="tests.backend_test.TestEngagement" name="test_no_auto_posted_replies" time="0.088" /><testcase classname="tests.backend_test.TestImprovementCoach" name="test_improve_404" time="0.083" /><testcase classname="tests.backend_test.TestImprovementCoach" name="test_improve_no_chunks_409" time="0.137" /><testcase classname="tests.backend_test.TestImprovementCoach" name="test_improve_enqueues_job" time="18.092" /><testcase classname="tests.backend_test.TestRegression" name="test_dashboard" time="0.123" /><testcase classname="tests.backend_test.TestRegression" name="test_router_status" time="0.064" /><testcase classname="tests.backend_test.TestRegression" name="test_stories_list" time="0.120" /><testcase classname="tests.backend_test.TestRegression" name="test_story_detail" time="0.073" /><testcase classname="tests.backend_test.TestRegression" name="test_channels" time="0.064" /><testcase classname="tests.backend_test.TestRegression" name="test_social_creds" time="0.066" /><testcase classname="tests.backend_test.TestRegression" name="test_media_final" time="0.195" /></testsuite></testsuites>